* using log directory ‘/Users/dijkstra/projects/wflsa/..Rcheck’
* using R version 4.2.2 (2022-10-31)
* using platform: aarch64-apple-darwin20 (64-bit)
* using session charset: UTF-8
* using option ‘--as-cran’
* checking for file ‘./DESCRIPTION’ ... OK
* this is package ‘wflsa’ version ‘1.2’
* package encoding: UTF-8
* checking CRAN incoming feasibility ... NOTE
Maintainer: ‘Louis Dijkstra <dijkstra@leibniz-bips.de>’

New submission

The Description field should not start with the package name,
  'This package' or similar.

The build time stamp is missing.
* checking package namespace information ... OK
* checking package dependencies ... OK
* checking if this is a source package ... WARNING
Subdirectory ‘wflsa/src’ contains apparent object files/libraries
  RcppExports.o wflsa.o wflsa.so
Object files/libraries should not be included in a source package.
* checking if there is a namespace ... OK
* checking for executable files ... OK
* checking for hidden files and directories ... NOTE
Found the following hidden files and directories:
  .DS_Store
  .gitignore
  .Rhistory
  runtime-comparison/.Rapp.history
  src/.gitignore
  ..Rcheck
  .git
  .Rproj.user
These were most likely included in error. See section ‘Package
structure’ in the ‘Writing R Extensions’ manual.

CRAN-pack does not know about
  .DS_Store
  ..Rcheck
  .git
* checking for portable file names ... OK
* checking for sufficient/correct file permissions ... OK
* checking whether package ‘wflsa’ can be installed ... OK
* checking installed package size ... OK
* checking package directory ... OK
* checking for future file timestamps ... OK
* checking DESCRIPTION meta-information ... NOTE
Malformed Description field: should contain one or more complete sentences.
Checking should be performed on sources prepared by ‘R CMD build’.
 WARNING
Dependence on R version ‘4.0.2’ not with patchlevel 0
* checking top-level files ... NOTE
Non-standard files/directories found at top level:
  ‘example-fit.R’ ‘runtime-comparison’ ‘sandbox’ ‘wfla.Rproj’
* checking for left-over files ... OK
* checking index information ... OK
* checking package subdirectories ... WARNING
Found the following directory with the name of a check directory:
  ./..Rcheck
Most likely, these were included erroneously.
Found the following directory with the name of a version control directory:
  ./.git
These should not be in a package tarball.
* checking R files for non-ASCII characters ... OK
* checking R files for syntax errors ... OK
* checking whether the package can be loaded ... OK
* checking whether the package can be loaded with stated dependencies ... OK
* checking whether the package can be unloaded cleanly ... OK
* checking whether the namespace can be loaded with stated dependencies ... OK
* checking whether the namespace can be unloaded cleanly ... OK
* checking use of S3 registration ... OK
* checking dependencies in R code ... OK
* checking S3 generic/method consistency ... WARNING
print:
  function(x, ...)
print.wflsa.fit:
  function(fit, ...)

See section ‘Generic functions and methods’ in the ‘Writing R
Extensions’ manual.
* checking replacement functions ... OK
* checking foreign function calls ... OK
* checking R code for possible problems ... OK
* checking Rd files ... OK
* checking Rd metadata ... OK
* checking Rd line widths ... OK
* checking Rd cross-references ... WARNING
Missing link or links in documentation object 'wflsa.Rd':
  ‘genlassoRcpp’

See section 'Cross-references' in the 'Writing R Extensions' manual.
* checking for missing documentation entries ... OK
* checking for code/documentation mismatches ... OK
* checking Rd \usage sections ... OK
* checking Rd contents ... OK
* checking for unstated dependencies in examples ... OK
* checking LazyData ... NOTE
  'LazyData' is specified without a 'data' directory
* checking line endings in C/C++/Fortran sources/headers ... NOTE
Found the following sources/headers not terminated with a newline:
  src/wflsa.cpp
Some compilers warn on such files.
* checking line endings in Makefiles ... OK
* checking compilation flags in Makevars ... OK
* checking for GNU extensions in Makefiles ... OK
* checking for portable use of $(BLAS_LIBS) and $(LAPACK_LIBS) ... OK
* checking use of PKG_*FLAGS in Makefiles ... OK
* checking use of SHLIB_OPENMP_*FLAGS in Makefiles ... OK
* checking pragmas in C/C++ headers and code ... OK
* checking compilation flags used ... OK
* checking compiled code ... OK
* checking examples ... ERROR
Running examples in ‘wflsa-Ex.R’ failed
The error most likely occurred in:

> base::assign(".ptime", proc.time(), pos = "CheckExEnv")
> ### Name: get_unique_values
> ### Title: Get unique absolute values of a vector after rounding
> ### Aliases: get_unique_values
> 
> ### ** Examples
> 
> vector <- c(1.23456789, -1.23456788, 1.23456787, -1.23456786, 1.23456785, -1.23456784)
> sorted_unique_abs_vals <- get_sorted_unique_abs_values(vector)
Error in get_sorted_unique_abs_values(vector) : 
  could not find function "get_sorted_unique_abs_values"
Execution halted
* checking PDF version of manual ... WARNING
LaTeX errors when creating PDF version.
This typically indicates Rd problems.
LaTeX errors found:
! Undefined control sequence.
<argument>  \hat {\beta } = \argmin 
                                    \frac {1}{2} || y - \beta ||_2^2 + \lamb...
l.211 }{}
         
* checking PDF version of manual without index ... ERROR
* checking for non-standard things in the check directory ... NOTE
Found the following files/directories:
  ‘wflsa-manual.tex’
* checking for detritus in the temp directory ... OK
* DONE
Status: 2 ERRORs, 6 WARNINGs, 7 NOTEs
