Hmm ... looks like a package
Converting parsed Rd's to LaTeX 
Creating pdf output from LaTeX ...
This is pdfTeX, Version 3.141592653-2.6-1.40.24 (TeX Live 2022) (preloaded format=pdflatex)
 restricted \write18 enabled.
entering extended mode
(./Rd2.tex
LaTeX2e <2021-11-15> patch level 1
L3 programming layer <2022-02-24>
(/usr/local/texlive/2022/texmf-dist/tex/latex/base/book.cls
Document Class: book 2021/10/04 v1.4n Standard LaTeX document class
(/usr/local/texlive/2022/texmf-dist/tex/latex/base/bk10.clo))
(/Library/Frameworks/R.framework/Resources/share/texmf/tex/latex/Rd.sty
(/usr/local/texlive/2022/texmf-dist/tex/latex/base/ifthen.sty)
(/usr/local/texlive/2022/texmf-dist/tex/latex/tools/longtable.sty)
(/usr/local/texlive/2022/texmf-dist/tex/latex/tools/bm.sty)
(/usr/local/texlive/2022/texmf-dist/tex/latex/base/alltt.sty)
(/usr/local/texlive/2022/texmf-dist/tex/latex/tools/verbatim.sty)
(/usr/local/texlive/2022/texmf-dist/tex/latex/url/url.sty)
(/usr/local/texlive/2022/texmf-dist/tex/latex/base/textcomp.sty)
(/usr/local/texlive/2022/texmf-dist/tex/latex/amsmath/amsmath.sty
For additional information on amsmath, use the `?' option.
(/usr/local/texlive/2022/texmf-dist/tex/latex/amsmath/amstext.sty
(/usr/local/texlive/2022/texmf-dist/tex/latex/amsmath/amsgen.sty))
(/usr/local/texlive/2022/texmf-dist/tex/latex/amsmath/amsbsy.sty)
(/usr/local/texlive/2022/texmf-dist/tex/latex/amsmath/amsopn.sty))
(/usr/local/texlive/2022/texmf-dist/tex/latex/amsfonts/amsfonts.sty)
(/usr/local/texlive/2022/texmf-dist/tex/latex/amsfonts/amssymb.sty)
(/usr/local/texlive/2022/texmf-dist/tex/latex/jknapltx/mathrsfs.sty)
(/usr/local/texlive/2022/texmf-dist/tex/generic/iftex/iftex.sty)
(/usr/local/texlive/2022/texmf-dist/tex/latex/base/fontenc.sty)
(/usr/local/texlive/2022/texmf-dist/tex/latex/psnfss/times.sty)
(/usr/local/texlive/2022/texmf-dist/tex/latex/graphics/color.sty
(/usr/local/texlive/2022/texmf-dist/tex/latex/graphics-cfg/color.cfg)
(/usr/local/texlive/2022/texmf-dist/tex/latex/graphics-def/pdftex.def))
(/usr/local/texlive/2022/texmf-dist/tex/latex/hyperref/hyperref.sty
(/usr/local/texlive/2022/texmf-dist/tex/generic/ltxcmds/ltxcmds.sty)
(/usr/local/texlive/2022/texmf-dist/tex/generic/pdftexcmds/pdftexcmds.sty
(/usr/local/texlive/2022/texmf-dist/tex/generic/infwarerr/infwarerr.sty))
(/usr/local/texlive/2022/texmf-dist/tex/latex/graphics/keyval.sty)
(/usr/local/texlive/2022/texmf-dist/tex/generic/kvsetkeys/kvsetkeys.sty)
(/usr/local/texlive/2022/texmf-dist/tex/generic/kvdefinekeys/kvdefinekeys.sty)
(/usr/local/texlive/2022/texmf-dist/tex/generic/pdfescape/pdfescape.sty)
(/usr/local/texlive/2022/texmf-dist/tex/latex/hycolor/hycolor.sty)
(/usr/local/texlive/2022/texmf-dist/tex/latex/letltxmacro/letltxmacro.sty)
(/usr/local/texlive/2022/texmf-dist/tex/latex/auxhook/auxhook.sty)
(/usr/local/texlive/2022/texmf-dist/tex/latex/kvoptions/kvoptions.sty)
(/usr/local/texlive/2022/texmf-dist/tex/latex/hyperref/pd1enc.def)
(/usr/local/texlive/2022/texmf-dist/tex/generic/intcalc/intcalc.sty)
(/usr/local/texlive/2022/texmf-dist/tex/generic/etexcmds/etexcmds.sty)
(/usr/local/texlive/2022/texmf-dist/tex/latex/hyperref/puenc.def)
(/usr/local/texlive/2022/texmf-dist/tex/generic/bitset/bitset.sty
(/usr/local/texlive/2022/texmf-dist/tex/generic/bigintcalc/bigintcalc.sty))
(/usr/local/texlive/2022/texmf-dist/tex/latex/base/atbegshi-ltx.sty))
(/usr/local/texlive/2022/texmf-dist/tex/latex/hyperref/hpdftex.def
(/usr/local/texlive/2022/texmf-dist/tex/latex/base/atveryend-ltx.sty)
(/usr/local/texlive/2022/texmf-dist/tex/latex/rerunfilecheck/rerunfilecheck.sty

(/usr/local/texlive/2022/texmf-dist/tex/generic/uniquecounter/uniquecounter.sty
)))

Package hyperref Warning: Option `hyperindex' has already been used,
(hyperref)                setting the option has no effect on input line 394.


Package hyperref Warning: Option `pagebackref' has already been used,
(hyperref)                setting the option has no effect on input line 394.

) (/usr/local/texlive/2022/texmf-dist/tex/latex/base/inputenc.sty)
(/usr/local/texlive/2022/texmf-dist/tex/latex/psnfss/t1ptm.fd)
(/usr/local/texlive/2022/texmf-dist/tex/latex/l3backend/l3backend-pdftex.def)
No file Rd2.aux.
(/usr/local/texlive/2022/texmf-dist/tex/context/base/mkii/supp-pdf.mkii
[Loading MPS to PDF converter (version 2006.09.02).]
) (/usr/local/texlive/2022/texmf-dist/tex/latex/hyperref/nameref.sty
(/usr/local/texlive/2022/texmf-dist/tex/latex/refcount/refcount.sty)
(/usr/local/texlive/2022/texmf-dist/tex/generic/gettitlestring/gettitlestring.s
ty)) (/usr/local/texlive/2022/texmf-dist/tex/latex/psnfss/t1pcr.fd)
(/usr/local/texlive/2022/texmf-dist/tex/latex/amsfonts/umsa.fd)
(/usr/local/texlive/2022/texmf-dist/tex/latex/amsfonts/umsb.fd)
(/usr/local/texlive/2022/texmf-dist/tex/latex/jknapltx/ursfs.fd)
(/usr/local/texlive/2022/texmf-dist/tex/latex/psnfss/t1phv.fd) [1{/usr/local/te
xlive/2022/texmf-var/fonts/map/pdftex/updmap/pdftex.map}]
Overfull \hbox (106.15706pt too wide) in paragraph at lines 66--69
\T1/ptm/m/n/10 Prob-lem. Jour-nal of Com-pu-ta-tional and Graph-i-cal Statis-ti
cs, 26(1), 195^^U204. https://doi.org/10.1080/10618600.2015.1114491 

Overfull \hbox (20.58041pt too wide) in paragraph at lines 106--106
 []\T1/pcr/m/n/9 # Now you can access estimated beta coefficients for different
 lambda2 values[] 
[2]
Overfull \hbox (69.18036pt too wide) in paragraph at lines 138--138
 []\T1/pcr/m/n/9 vector <- c(1.23456789, -1.23456788, 1.23456787, -1.23456786, 
1.23456785, -1.23456784) 
(/usr/local/texlive/2022/texmf-dist/tex/latex/psnfss/ts1pcr.fd) [3]
! Undefined control sequence.
<argument>  \hat {\beta } = \argmin 
                                    \frac {1}{2} || y - \beta ||_2^2 + \lamb...
l.209 }{}
         
(/usr/local/texlive/2022/texmf-dist/tex/latex/psnfss/ts1ptm.fd) [4] [5]
(./Rd2.aux)

Package rerunfilecheck Warning: File `Rd2.out' has changed.
(rerunfilecheck)                Rerun to get outlines right
(rerunfilecheck)                or use package `bookmark'.

 )
(see the transcript file for additional information)
pdfTeX warning (dest): name{Rfn.genlassoRcpp} has been referenced but does not 
exist, replaced by a fixed one

{/usr/local/texlive/2022/texmf-dist/fonts/enc/dvips/base/8r.enc}</usr/local/tex
live/2022/texmf-dist/fonts/type1/public/amsfonts/cm/cmex10.pfb></usr/local/texl
ive/2022/texmf-dist/fonts/type1/public/amsfonts/cm/cmmi10.pfb></usr/local/texli
ve/2022/texmf-dist/fonts/type1/public/amsfonts/cm/cmmi7.pfb></usr/local/texlive
/2022/texmf-dist/fonts/type1/public/amsfonts/cm/cmr10.pfb></usr/local/texlive/2
022/texmf-dist/fonts/type1/public/amsfonts/cm/cmr7.pfb></usr/local/texlive/2022
/texmf-dist/fonts/type1/public/amsfonts/cm/cmsy10.pfb></usr/local/texlive/2022/
texmf-dist/fonts/type1/public/amsfonts/cm/cmsy7.pfb></usr/local/texlive/2022/te
xmf-dist/fonts/type1/urw/courier/ucrr8a.pfb></usr/local/texlive/2022/texmf-dist
/fonts/type1/urw/helvetic/uhvr8a.pfb></usr/local/texlive/2022/texmf-dist/fonts/
type1/urw/times/utmb8a.pfb></usr/local/texlive/2022/texmf-dist/fonts/type1/urw/
times/utmr8a.pfb></usr/local/texlive/2022/texmf-dist/fonts/type1/urw/times/utmr
8a.pfb></usr/local/texlive/2022/texmf-dist/fonts/type1/urw/times/utmri8a.pfb>
Output written on Rd2.pdf (5 pages, 149292 bytes).
Transcript written on Rd2.log.
Error in texi2dvi(file = file, pdf = TRUE, clean = clean, quiet = quiet,  : 
  unable to run pdflatex on 'Rd2.tex'
LaTeX errors:
! Undefined control sequence.
<argument>  \hat {\beta } = \argmin 
                                    \frac {1}{2} || y - \beta ||_2^2 + \lamb...
l.209 }{}
         
This is pdfTeX, Version 3.141592653-2.6-1.40.24 (TeX Live 2022) (preloaded format=pdflatex)
 restricted \write18 enabled.
entering extended mode
(./Rd2.tex
LaTeX2e <2021-11-15> patch level 1
L3 programming layer <2022-02-24>
(/usr/local/texlive/2022/texmf-dist/tex/latex/base/book.cls
Document Class: book 2021/10/04 v1.4n Standard LaTeX document class
(/usr/local/texlive/2022/texmf-dist/tex/latex/base/bk10.clo))
(/Library/Frameworks/R.framework/Resources/share/texmf/tex/latex/Rd.sty
(/usr/local/texlive/2022/texmf-dist/tex/latex/base/ifthen.sty)
(/usr/local/texlive/2022/texmf-dist/tex/latex/tools/longtable.sty)
(/usr/local/texlive/2022/texmf-dist/tex/latex/tools/bm.sty)
(/usr/local/texlive/2022/texmf-dist/tex/latex/base/alltt.sty)
(/usr/local/texlive/2022/texmf-dist/tex/latex/tools/verbatim.sty)
(/usr/local/texlive/2022/texmf-dist/tex/latex/url/url.sty)
(/usr/local/texlive/2022/texmf-dist/tex/latex/base/textcomp.sty)
(/usr/local/texlive/2022/texmf-dist/tex/latex/amsmath/amsmath.sty
For additional information on amsmath, use the `?' option.
(/usr/local/texlive/2022/texmf-dist/tex/latex/amsmath/amstext.sty
(/usr/local/texlive/2022/texmf-dist/tex/latex/amsmath/amsgen.sty))
(/usr/local/texlive/2022/texmf-dist/tex/latex/amsmath/amsbsy.sty)
(/usr/local/texlive/2022/texmf-dist/tex/latex/amsmath/amsopn.sty))
(/usr/local/texlive/2022/texmf-dist/tex/latex/amsfonts/amsfonts.sty)
(/usr/local/texlive/2022/texmf-dist/tex/latex/amsfonts/amssymb.sty)
(/usr/local/texlive/2022/texmf-dist/tex/latex/jknapltx/mathrsfs.sty)
(/usr/local/texlive/2022/texmf-dist/tex/generic/iftex/iftex.sty)
(/usr/local/texlive/2022/texmf-dist/tex/latex/base/fontenc.sty)
(/usr/local/texlive/2022/texmf-dist/tex/latex/psnfss/times.sty)
(/usr/local/texlive/2022/texmf-dist/tex/latex/graphics/color.sty
(/usr/local/texlive/2022/texmf-dist/tex/latex/graphics-cfg/color.cfg)
(/usr/local/texlive/2022/texmf-dist/tex/latex/graphics-def/pdftex.def))
(/usr/local/texlive/2022/texmf-dist/tex/latex/hyperref/hyperref.sty
(/usr/local/texlive/2022/texmf-dist/tex/generic/ltxcmds/ltxcmds.sty)
(/usr/local/texlive/2022/texmf-dist/tex/generic/pdftexcmds/pdftexcmds.sty
(/usr/local/texlive/2022/texmf-dist/tex/generic/infwarerr/infwarerr.sty))
(/usr/local/texlive/2022/texmf-dist/tex/latex/graphics/keyval.sty)
(/usr/local/texlive/2022/texmf-dist/tex/generic/kvsetkeys/kvsetkeys.sty)
(/usr/local/texlive/2022/texmf-dist/tex/generic/kvdefinekeys/kvdefinekeys.sty)
(/usr/local/texlive/2022/texmf-dist/tex/generic/pdfescape/pdfescape.sty)
(/usr/local/texlive/2022/texmf-dist/tex/latex/hycolor/hycolor.sty)
(/usr/local/texlive/2022/texmf-dist/tex/latex/letltxmacro/letltxmacro.sty)
(/usr/local/texlive/2022/texmf-dist/tex/latex/auxhook/auxhook.sty)
(/usr/local/texlive/2022/texmf-dist/tex/latex/kvoptions/kvoptions.sty)
(/usr/local/texlive/2022/texmf-dist/tex/latex/hyperref/pd1enc.def)
(/usr/local/texlive/2022/texmf-dist/tex/generic/intcalc/intcalc.sty)
(/usr/local/texlive/2022/texmf-dist/tex/generic/etexcmds/etexcmds.sty)
(/usr/local/texlive/2022/texmf-dist/tex/latex/hyperref/puenc.def)
(/usr/local/texlive/2022/texmf-dist/tex/generic/bitset/bitset.sty
(/usr/local/texlive/2022/texmf-dist/tex/generic/bigintcalc/bigintcalc.sty))
(/usr/local/texlive/2022/texmf-dist/tex/latex/base/atbegshi-ltx.sty))
(/usr/local/texlive/2022/texmf-dist/tex/latex/hyperref/hpdftex.def
(/usr/local/texlive/2022/texmf-dist/tex/latex/base/atveryend-ltx.sty)
(/usr/local/texlive/2022/texmf-dist/tex/latex/rerunfilecheck/rerunfilecheck.sty

(/usr/local/texlive/2022/texmf-dist/tex/generic/uniquecounter/uniquecounter.sty
)))

Package hyperref Warning: Option `hyperindex' has already been used,
(hyperref)                setting the option has no effect on input line 394.


Package hyperref Warning: Option `pagebackref' has already been used,
(hyperref)                setting the option has no effect on input line 394.

) (/usr/local/texlive/2022/texmf-dist/tex/latex/base/inputenc.sty)
(/usr/local/texlive/2022/texmf-dist/tex/latex/psnfss/t1ptm.fd)
(/usr/local/texlive/2022/texmf-dist/tex/latex/l3backend/l3backend-pdftex.def)
(./Rd2.aux)
(/usr/local/texlive/2022/texmf-dist/tex/context/base/mkii/supp-pdf.mkii
[Loading MPS to PDF converter (version 2006.09.02).]
) (/usr/local/texlive/2022/texmf-dist/tex/latex/hyperref/nameref.sty
(/usr/local/texlive/2022/texmf-dist/tex/latex/refcount/refcount.sty)
(/usr/local/texlive/2022/texmf-dist/tex/generic/gettitlestring/gettitlestring.s
ty)) (./Rd2.out) (./Rd2.out)
(/usr/local/texlive/2022/texmf-dist/tex/latex/psnfss/t1pcr.fd)
(/usr/local/texlive/2022/texmf-dist/tex/latex/amsfonts/umsa.fd)
(/usr/local/texlive/2022/texmf-dist/tex/latex/amsfonts/umsb.fd)
(/usr/local/texlive/2022/texmf-dist/tex/latex/jknapltx/ursfs.fd)
(/usr/local/texlive/2022/texmf-dist/tex/latex/psnfss/t1phv.fd) (./Rd2.toc)
[1{/usr/local/texlive/2022/texmf-var/fonts/map/pdftex/updmap/pdftex.map}]
Overfull \hbox (106.15706pt too wide) in paragraph at lines 66--69
\T1/ptm/m/n/10 Prob-lem. Jour-nal of Com-pu-ta-tional and Graph-i-cal Statis-ti
cs, 26(1), 195^^U204. https://doi.org/10.1080/10618600.2015.1114491 
[2]
Overfull \hbox (20.58041pt too wide) in paragraph at lines 106--106
 []\T1/pcr/m/n/9 # Now you can access estimated beta coefficients for different
 lambda2 values[] 

Overfull \hbox (69.18036pt too wide) in paragraph at lines 138--138
 []\T1/pcr/m/n/9 vector <- c(1.23456789, -1.23456788, 1.23456787, -1.23456786, 
1.23456785, -1.23456784) 
(/usr/local/texlive/2022/texmf-dist/tex/latex/psnfss/ts1pcr.fd) [3]
! Undefined control sequence.
<argument>  \hat {\beta } = \argmin 
                                    \frac {1}{2} || y - \beta ||_2^2 + \lamb...
l.209 }{}
         
[4] (/usr/local/texlive/2022/texmf-dist/tex/latex/psnfss/ts1ptm.fd) [5]
[6] (./Rd2.aux) )
(see the transcript file for additional information)
pdfTeX warning (dest): name{Rfn.genlassoRcpp} has been referenced but does not 
exist, replaced by a fixed one

{/usr/local/texlive/2022/texmf-dist/fonts/enc/dvips/base/8r.enc}</usr/local/tex
live/2022/texmf-dist/fonts/type1/public/amsfonts/cm/cmex10.pfb></usr/local/texl
ive/2022/texmf-dist/fonts/type1/public/amsfonts/cm/cmmi10.pfb></usr/local/texli
ve/2022/texmf-dist/fonts/type1/public/amsfonts/cm/cmmi7.pfb></usr/local/texlive
/2022/texmf-dist/fonts/type1/public/amsfonts/cm/cmr10.pfb></usr/local/texlive/2
022/texmf-dist/fonts/type1/public/amsfonts/cm/cmr7.pfb></usr/local/texlive/2022
/texmf-dist/fonts/type1/public/amsfonts/cm/cmsy10.pfb></usr/local/texlive/2022/
texmf-dist/fonts/type1/public/amsfonts/cm/cmsy7.pfb></usr/local/texlive/2022/te
xmf-dist/fonts/type1/urw/courier/ucrr8a.pfb></usr/local/texlive/2022/texmf-dist
/fonts/type1/urw/helvetic/uhvr8a.pfb></usr/local/texlive/2022/texmf-dist/fonts/
type1/urw/times/utmb8a.pfb></usr/local/texlive/2022/texmf-dist/fonts/type1/urw/
times/utmr8a.pfb></usr/local/texlive/2022/texmf-dist/fonts/type1/urw/times/utmr
8a.pfb></usr/local/texlive/2022/texmf-dist/fonts/type1/urw/times/utmri8a.pfb>
Output written on Rd2.pdf (6 pages, 150843 bytes).
Transcript written on Rd2.log.
Error in texi2dvi(file = file, pdf = TRUE, clean = clean, quiet = quiet,  : 
  unable to run pdflatex on 'Rd2.tex'
LaTeX errors:
! Undefined control sequence.
<argument>  \hat {\beta } = \argmin 
                                    \frac {1}{2} || y - \beta ||_2^2 + \lamb...
l.209 }{}
         
Error in running tools::texi2pdf()
You may want to clean up by 'rm -Rf /var/folders/fh/h0sh254n6j5dxcyykt5jtdsm0000gn/T//RtmpZYdRyV/Rd2pdf60363783504'
